Using pre-set license
Built from '2020.3/staging' branch; Version is '2020.3.11f1 (99c7afb366b3) revision 10078127'; Using compiler version '192528614'; Build Type 'Release'
OS: 'Windows 10 Pro; OS build 19042.1052; Version 2009; 64bit' Language: 'es' Physical Memory: 16331 MB
BatchMode: 1, IsHumanControllingUs: 0, StartBugReporterOnCrash: 0, Is64bit: 1, IsPro: 0

 COMMAND LINE ARGUMENTS:
F:\UnityEditors\2020.3.11f1\Editor\Unity.exe
-adb2
-batchMode
-noUpm
-name
AssetImportWorker1
-projectPath
E:/VideoJuegos/GameJam-GameJamAcademy
-logFile
Logs/AssetImportWorker1.log
-srvPort
50062
Successfully changed project path to: E:/VideoJuegos/GameJam-GameJamAcademy
E:/VideoJuegos/GameJam-GameJamAcademy
Using Asset Import Pipeline V2.
Refreshing native plugins compatible for Editor in 41.23 ms, found 2 plugins.
Preloading 0 native plugins for Editor in 0.00 ms.
Initialize engine version: 2020.3.11f1 (99c7afb366b3)
[Subsystems] Discovering subsystems at path F:/UnityEditors/2020.3.11f1/Editor/Data/Resources/UnitySubsystems
[Subsystems] Discovering subsystems at path E:/VideoJuegos/GameJam-GameJamAcademy/Assets
GfxDevice: creating device client; threaded=0
Direct3D:
    Version:  Direct3D 11.0 [level 11.1]
    Renderer: Radeon RX 5500 XT (ID=0x7340)
    Vendor:   
    VRAM:     8151 MB
    Driver:   27.20.1034.6
Initialize mono
Mono path[0] = 'F:/UnityEditors/2020.3.11f1/Editor/Data/Managed'
Mono path[1] = 'F:/UnityEditors/2020.3.11f1/Editor/Data/MonoBleedingEdge/lib/mono/unityjit'
Mono config path = 'F:/UnityEditors/2020.3.11f1/Editor/Data/MonoBleedingEdge/etc'
Using monoOptions --debugger-agent=transport=dt_socket,embedding=1,server=y,suspend=n,address=127.0.0.1:56108
Begin MonoManager ReloadAssembly
Registering precompiled unity dll's ...
Register platform support module: F:/UnityEditors/2020.3.11f1/Editor/Data/PlaybackEngines/WebGLSupport/UnityEditor.WebGL.Extensions.dll
Register platform support module: F:/UnityEditors/2020.3.11f1/Editor/Data/PlaybackEngines/WindowsStandaloneSupport/UnityEditor.WindowsStandalone.Extensions.dll
Registered in 0.002425 seconds.
Native extension for WindowsStandalone target not found
Native extension for WebGL target not found
Refreshing native plugins compatible for Editor in 115.01 ms, found 2 plugins.
Preloading 0 native plugins for Editor in 0.00 ms.
Mono: successfully reloaded assembly
- Completed reload, in 21.335 seconds
Platform modules already initialized, skipping
Registering precompiled user dll's ...
Registered in 0.003555 seconds.
Begin MonoManager ReloadAssembly
Native extension for WindowsStandalone target not found
Native extension for WebGL target not found
Refreshing native plugins compatible for Editor in 0.41 ms, found 2 plugins.
Preloading 0 native plugins for Editor in 0.00 ms.
Mono: successfully reloaded assembly
- Completed reload, in  3.138 seconds
Platform modules already initialized, skipping
========================================================================
Worker process is ready to serve import requests
Launched and connected shader compiler UnityShaderCompiler.exe after 0.15 seconds
Refreshing native plugins compatible for Editor in 0.42 ms, found 2 plugins.
Preloading 0 native plugins for Editor in 0.00 ms.
Unloading 1415 Unused Serialized files (Serialized files now loaded: 0)
System memory in use before: 67.2 MB.
System memory in use after: 67.3 MB.

Unloading 19 unused Assets to reduce memory usage. Loaded Objects now: 1848.
Total: 2.520000 ms (FindLiveObjects: 0.201800 ms CreateObjectMapping: 0.044800 ms MarkObjects: 2.150100 ms  DeleteObjects: 0.121600 ms)

========================================================================
Received Import Request.
  path: Assets/Scripts/EmployeeFactory/EmployeeModel/la_base_de_personaje_MESH_CON_COLISIONES.prefab
  artifactKey: Guid(c8ad54ad018cf7e4786e469b66855075) Importer(815301076,1909f56bfc062723c751e8b465ee728b)
Start importing Assets/Scripts/EmployeeFactory/EmployeeModel/la_base_de_personaje_MESH_CON_COLISIONES.prefab using Guid(c8ad54ad018cf7e4786e469b66855075) Importer(815301076,1909f56bfc062723c751e8b465ee728b)  -> (artifact id: '73886f1dd066319279fa559d82872d8f') in 2.999176 seconds
  Import took 3.002484 seconds .

========================================================================
Received Import Request.
  Time since last request: 0.000335 seconds.
  path: Assets/Scripts/EmployeeFactory/EmployeeModel/la_base_de_personaje_MESH_CON_COLISIONES.prefab
  artifactKey: Guid(c8ad54ad018cf7e4786e469b66855075) Importer(815301076,1909f56bfc062723c751e8b465ee728b)
Start importing Assets/Scripts/EmployeeFactory/EmployeeModel/la_base_de_personaje_MESH_CON_COLISIONES.prefab using Guid(c8ad54ad018cf7e4786e469b66855075) Importer(815301076,1909f56bfc062723c751e8b465ee728b)  -> (artifact id: '0223afda81f63fc6bee76564466f3ecb') in 0.019021 seconds
  Import took 0.022109 seconds .

========================================================================
Received Import Request.
  Time since last request: 4.424554 seconds.
  path: Assets/Scripts/EmployeeFactory/EmployeeModel/la_base_de_personaje_MESH_CON_COLISIONES.prefab
  artifactKey: Guid(c8ad54ad018cf7e4786e469b66855075) Importer(815301076,1909f56bfc062723c751e8b465ee728b)
Start importing Assets/Scripts/EmployeeFactory/EmployeeModel/la_base_de_personaje_MESH_CON_COLISIONES.prefab using Guid(c8ad54ad018cf7e4786e469b66855075) Importer(815301076,1909f56bfc062723c751e8b465ee728b)  -> (artifact id: 'd1cf6f22fa01f41d3fea408bdb1b6ac1') in 0.018054 seconds
  Import took 0.021328 seconds .

========================================================================
Received Prepare
Registering precompiled user dll's ...
Registered in 0.003945 seconds.
Begin MonoManager ReloadAssembly
Native extension for WindowsStandalone target not found
Native extension for WebGL target not found
Refreshing native plugins compatible for Editor in 0.47 ms, found 2 plugins.
Preloading 0 native plugins for Editor in 0.00 ms.
Mono: successfully reloaded assembly
- Completed reload, in  1.505 seconds
Platform modules already initialized, skipping
Refreshing native plugins compatible for Editor in 1.13 ms, found 2 plugins.
Preloading 0 native plugins for Editor in 0.00 ms.
Unloading 1397 Unused Serialized files (Serialized files now loaded: 0)
System memory in use before: 69.0 MB.
System memory in use after: 69.1 MB.

Unloading 15 unused Assets to reduce memory usage. Loaded Objects now: 1858.
Total: 3.874700 ms (FindLiveObjects: 0.348200 ms CreateObjectMapping: 0.067500 ms MarkObjects: 3.354300 ms  DeleteObjects: 0.102400 ms)

========================================================================
Received Import Request.
  Time since last request: 22.957396 seconds.
  path: Assets/Scripts/EmployeeFactory/EmployeeModel/la_base_de_personaje_MESH_CON_COLISIONES.prefab
  artifactKey: Guid(c8ad54ad018cf7e4786e469b66855075) Importer(815301076,1909f56bfc062723c751e8b465ee728b)
Start importing Assets/Scripts/EmployeeFactory/EmployeeModel/la_base_de_personaje_MESH_CON_COLISIONES.prefab using Guid(c8ad54ad018cf7e4786e469b66855075) Importer(815301076,1909f56bfc062723c751e8b465ee728b)  -> (artifact id: 'f328b5c226ed1c7b28fda450eb2667a3') in 0.127995 seconds
  Import took 0.131562 seconds .

========================================================================
Received Prepare
Registering precompiled user dll's ...
Registered in 0.004925 seconds.
Begin MonoManager ReloadAssembly
Native extension for WindowsStandalone target not found
Native extension for WebGL target not found
Refreshing native plugins compatible for Editor in 0.35 ms, found 2 plugins.
Preloading 0 native plugins for Editor in 0.00 ms.
Mono: successfully reloaded assembly
- Completed reload, in  1.462 seconds
Platform modules already initialized, skipping
Refreshing native plugins compatible for Editor in 0.40 ms, found 2 plugins.
Preloading 0 native plugins for Editor in 0.00 ms.
Unloading 1397 Unused Serialized files (Serialized files now loaded: 0)
System memory in use before: 69.1 MB.
System memory in use after: 69.1 MB.

Unloading 15 unused Assets to reduce memory usage. Loaded Objects now: 1862.
Total: 3.010300 ms (FindLiveObjects: 0.205800 ms CreateObjectMapping: 0.048100 ms MarkObjects: 2.651300 ms  DeleteObjects: 0.103200 ms)

========================================================================
Received Prepare
Registering precompiled user dll's ...
Registered in 0.004714 seconds.
Begin MonoManager ReloadAssembly
Native extension for WindowsStandalone target not found
Native extension for WebGL target not found
Refreshing native plugins compatible for Editor in 0.45 ms, found 2 plugins.
Preloading 0 native plugins for Editor in 0.00 ms.
Mono: successfully reloaded assembly
- Completed reload, in  1.666 seconds
Platform modules already initialized, skipping
Refreshing native plugins compatible for Editor in 0.50 ms, found 2 plugins.
Preloading 0 native plugins for Editor in 0.00 ms.
Unloading 1397 Unused Serialized files (Serialized files now loaded: 0)
System memory in use before: 69.1 MB.
System memory in use after: 69.1 MB.

Unloading 14 unused Assets to reduce memory usage. Loaded Objects now: 1865.
Total: 6.968700 ms (FindLiveObjects: 1.395000 ms CreateObjectMapping: 0.141100 ms MarkObjects: 5.332600 ms  DeleteObjects: 0.097000 ms)

========================================================================
Received Prepare
Registering precompiled user dll's ...
Registered in 0.006051 seconds.
Begin MonoManager ReloadAssembly
Native extension for WindowsStandalone target not found
Native extension for WebGL target not found
Refreshing native plugins compatible for Editor in 0.44 ms, found 2 plugins.
Preloading 0 native plugins for Editor in 0.00 ms.
Mono: successfully reloaded assembly
- Completed reload, in  1.579 seconds
Platform modules already initialized, skipping
Refreshing native plugins compatible for Editor in 0.42 ms, found 2 plugins.
Preloading 0 native plugins for Editor in 0.00 ms.
Unloading 1397 Unused Serialized files (Serialized files now loaded: 0)
System memory in use before: 69.1 MB.
System memory in use after: 69.1 MB.

Unloading 14 unused Assets to reduce memory usage. Loaded Objects now: 1868.
Total: 3.195500 ms (FindLiveObjects: 0.250300 ms CreateObjectMapping: 0.068200 ms MarkObjects: 2.773100 ms  DeleteObjects: 0.101300 ms)

========================================================================
Received Import Request.
  Time since last request: 66.169446 seconds.
  path: Assets/Scripts/EmployeeFactory/EmployeeModel/la_base_de_personaje_MESH.prefab
  artifactKey: Guid(cf10571126e18f041afa819e51c6019f) Importer(815301076,1909f56bfc062723c751e8b465ee728b)
Start importing Assets/Scripts/EmployeeFactory/EmployeeModel/la_base_de_personaje_MESH.prefab using Guid(cf10571126e18f041afa819e51c6019f) Importer(815301076,1909f56bfc062723c751e8b465ee728b)  -> (artifact id: '38bf268ce7564ee6c6f1a8b4addf53cf') in 0.096749 seconds
  Import took 0.100153 seconds .

========================================================================
Received Import Request.
  Time since last request: 8.195252 seconds.
  path: Assets/Scripts/EmployeeFactory/EmployeeModel/la_base_de_personaje_MESH.prefab
  artifactKey: Guid(cf10571126e18f041afa819e51c6019f) Importer(815301076,1909f56bfc062723c751e8b465ee728b)
Start importing Assets/Scripts/EmployeeFactory/EmployeeModel/la_base_de_personaje_MESH.prefab using Guid(cf10571126e18f041afa819e51c6019f) Importer(815301076,1909f56bfc062723c751e8b465ee728b)  -> (artifact id: '75e1bd8cebbb800203e9ae40a1d8afde') in 0.016082 seconds
  Import took 0.020112 seconds .

========================================================================
Received Import Request.
  Time since last request: 3.589932 seconds.
  path: Assets/Scripts/EmployeeFactory/EmployeeModel/la_base_de_personaje_MESH.prefab
  artifactKey: Guid(cf10571126e18f041afa819e51c6019f) Importer(815301076,1909f56bfc062723c751e8b465ee728b)
Start importing Assets/Scripts/EmployeeFactory/EmployeeModel/la_base_de_personaje_MESH.prefab using Guid(cf10571126e18f041afa819e51c6019f) Importer(815301076,1909f56bfc062723c751e8b465ee728b)  -> (artifact id: 'e042ceee4d55bd65502d28654c6a8458') in 0.016773 seconds
  Import took 0.020836 seconds .

========================================================================
Received Import Request.
  Time since last request: 0.636637 seconds.
  path: Assets/Scripts/EmployeeFactory/EmployeeModel/la_base_de_personaje_MESH.prefab
  artifactKey: Guid(cf10571126e18f041afa819e51c6019f) Importer(815301076,1909f56bfc062723c751e8b465ee728b)
Start importing Assets/Scripts/EmployeeFactory/EmployeeModel/la_base_de_personaje_MESH.prefab using Guid(cf10571126e18f041afa819e51c6019f) Importer(815301076,1909f56bfc062723c751e8b465ee728b)  -> (artifact id: 'd11fec4d169b981adf8efbeda0ad01b1') in 0.016862 seconds
  Import took 0.020310 seconds .

========================================================================
Received Prepare
Registering precompiled user dll's ...
Registered in 0.005170 seconds.
Begin MonoManager ReloadAssembly
Native extension for WindowsStandalone target not found
Native extension for WebGL target not found
Refreshing native plugins compatible for Editor in 0.60 ms, found 2 plugins.
Preloading 0 native plugins for Editor in 0.00 ms.
Mono: successfully reloaded assembly
- Completed reload, in  1.745 seconds
Platform modules already initialized, skipping
Refreshing native plugins compatible for Editor in 0.45 ms, found 2 plugins.
Preloading 0 native plugins for Editor in 0.00 ms.
Unloading 1397 Unused Serialized files (Serialized files now loaded: 0)
System memory in use before: 69.1 MB.
System memory in use after: 69.2 MB.

Unloading 15 unused Assets to reduce memory usage. Loaded Objects now: 1872.
Total: 3.487200 ms (FindLiveObjects: 0.275200 ms CreateObjectMapping: 0.085700 ms MarkObjects: 3.017500 ms  DeleteObjects: 0.106200 ms)

========================================================================
Received Import Request.
  Time since last request: 11.764920 seconds.
  path: Assets/Scripts/EmployeeFactory/EmployeeModel/la_base_de_personaje_MESH.prefab
  artifactKey: Guid(cf10571126e18f041afa819e51c6019f) Importer(815301076,1909f56bfc062723c751e8b465ee728b)
Start importing Assets/Scripts/EmployeeFactory/EmployeeModel/la_base_de_personaje_MESH.prefab using Guid(cf10571126e18f041afa819e51c6019f) Importer(815301076,1909f56bfc062723c751e8b465ee728b)  -> (artifact id: 'afcf6afa9bfa173aec05b0beb510c7f6') in 0.110024 seconds
  Import took 0.113712 seconds .

========================================================================
Received Prepare
Registering precompiled user dll's ...
Registered in 0.005233 seconds.
Begin MonoManager ReloadAssembly
Native extension for WindowsStandalone target not found
Native extension for WebGL target not found
Refreshing native plugins compatible for Editor in 0.52 ms, found 2 plugins.
Preloading 0 native plugins for Editor in 0.00 ms.
Mono: successfully reloaded assembly
- Completed reload, in  1.592 seconds
Platform modules already initialized, skipping
Refreshing native plugins compatible for Editor in 0.36 ms, found 2 plugins.
Preloading 0 native plugins for Editor in 0.00 ms.
Unloading 1397 Unused Serialized files (Serialized files now loaded: 0)
System memory in use before: 69.1 MB.
System memory in use after: 69.2 MB.

Unloading 15 unused Assets to reduce memory usage. Loaded Objects now: 1876.
Total: 4.324400 ms (FindLiveObjects: 0.198100 ms CreateObjectMapping: 0.044500 ms MarkObjects: 3.968400 ms  DeleteObjects: 0.111400 ms)

========================================================================
Received Import Request.
  Time since last request: 71.814924 seconds.
  path: Assets/Scripts/EmployeeFactory/EmployeeModel/la_base_de_personaje_MESH.prefab
  artifactKey: Guid(cf10571126e18f041afa819e51c6019f) Importer(815301076,1909f56bfc062723c751e8b465ee728b)
Start importing Assets/Scripts/EmployeeFactory/EmployeeModel/la_base_de_personaje_MESH.prefab using Guid(cf10571126e18f041afa819e51c6019f) Importer(815301076,1909f56bfc062723c751e8b465ee728b)  -> (artifact id: '48bfdcdead4b50731ec16e9d77dd08cd') in 0.094149 seconds
  Import took 0.098075 seconds .

========================================================================
Received Prepare
Registering precompiled user dll's ...
Registered in 0.003753 seconds.
Begin MonoManager ReloadAssembly
Native extension for WindowsStandalone target not found
Native extension for WebGL target not found
Refreshing native plugins compatible for Editor in 0.40 ms, found 2 plugins.
Preloading 0 native plugins for Editor in 0.00 ms.
Mono: successfully reloaded assembly
- Completed reload, in  1.506 seconds
Platform modules already initialized, skipping
Refreshing native plugins compatible for Editor in 0.39 ms, found 2 plugins.
Preloading 0 native plugins for Editor in 0.00 ms.
Unloading 1397 Unused Serialized files (Serialized files now loaded: 0)
System memory in use before: 69.1 MB.
System memory in use after: 69.2 MB.

Unloading 15 unused Assets to reduce memory usage. Loaded Objects now: 1880.
Total: 3.442100 ms (FindLiveObjects: 0.472700 ms CreateObjectMapping: 0.170500 ms MarkObjects: 2.709000 ms  DeleteObjects: 0.087900 ms)

========================================================================
Received Prepare
Registering precompiled user dll's ...
Registered in 0.004209 seconds.
Begin MonoManager ReloadAssembly
Native extension for WindowsStandalone target not found
Native extension for WebGL target not found
Refreshing native plugins compatible for Editor in 0.37 ms, found 2 plugins.
Preloading 0 native plugins for Editor in 0.00 ms.
Mono: successfully reloaded assembly
- Completed reload, in  1.583 seconds
Platform modules already initialized, skipping
Refreshing native plugins compatible for Editor in 0.39 ms, found 2 plugins.
Preloading 0 native plugins for Editor in 0.00 ms.
Unloading 1397 Unused Serialized files (Serialized files now loaded: 0)
System memory in use before: 69.1 MB.
System memory in use after: 69.2 MB.

Unloading 14 unused Assets to reduce memory usage. Loaded Objects now: 1883.
Total: 3.424800 ms (FindLiveObjects: 0.359500 ms CreateObjectMapping: 0.141200 ms MarkObjects: 2.831000 ms  DeleteObjects: 0.090800 ms)

========================================================================
Received Prepare
Registering precompiled user dll's ...
Registered in 0.004033 seconds.
Begin MonoManager ReloadAssembly
Native extension for WindowsStandalone target not found
Native extension for WebGL target not found
Refreshing native plugins compatible for Editor in 0.41 ms, found 2 plugins.
Preloading 0 native plugins for Editor in 0.00 ms.
Mono: successfully reloaded assembly
- Completed reload, in  1.686 seconds
Platform modules already initialized, skipping
Refreshing native plugins compatible for Editor in 0.53 ms, found 2 plugins.
Preloading 0 native plugins for Editor in 0.00 ms.
Unloading 1397 Unused Serialized files (Serialized files now loaded: 0)
System memory in use before: 69.1 MB.
System memory in use after: 69.2 MB.

Unloading 14 unused Assets to reduce memory usage. Loaded Objects now: 1886.
Total: 4.032000 ms (FindLiveObjects: 0.298500 ms CreateObjectMapping: 0.083000 ms MarkObjects: 3.524300 ms  DeleteObjects: 0.123600 ms)

========================================================================
Received Prepare
Registering precompiled user dll's ...
Registered in 0.005194 seconds.
Begin MonoManager ReloadAssembly
Native extension for WindowsStandalone target not found
Native extension for WebGL target not found
Refreshing native plugins compatible for Editor in 0.43 ms, found 2 plugins.
Preloading 0 native plugins for Editor in 0.00 ms.
Mono: successfully reloaded assembly
- Completed reload, in  1.600 seconds
Platform modules already initialized, skipping
Refreshing native plugins compatible for Editor in 0.38 ms, found 2 plugins.
Preloading 0 native plugins for Editor in 0.00 ms.
Unloading 1397 Unused Serialized files (Serialized files now loaded: 0)
System memory in use before: 69.1 MB.
System memory in use after: 69.2 MB.

Unloading 14 unused Assets to reduce memory usage. Loaded Objects now: 1889.
Total: 2.668700 ms (FindLiveObjects: 0.212300 ms CreateObjectMapping: 0.045000 ms MarkObjects: 2.326200 ms  DeleteObjects: 0.083000 ms)

========================================================================
Received Prepare
Registering precompiled user dll's ...
Registered in 0.004335 seconds.
Begin MonoManager ReloadAssembly
Native extension for WindowsStandalone target not found
Native extension for WebGL target not found
Refreshing native plugins compatible for Editor in 0.41 ms, found 2 plugins.
Preloading 0 native plugins for Editor in 0.00 ms.
Mono: successfully reloaded assembly
- Completed reload, in  1.465 seconds
Platform modules already initialized, skipping
Refreshing native plugins compatible for Editor in 0.68 ms, found 2 plugins.
Preloading 0 native plugins for Editor in 0.00 ms.
Unloading 1397 Unused Serialized files (Serialized files now loaded: 0)
System memory in use before: 69.1 MB.
System memory in use after: 69.2 MB.

Unloading 14 unused Assets to reduce memory usage. Loaded Objects now: 1892.
Total: 3.653800 ms (FindLiveObjects: 0.257400 ms CreateObjectMapping: 0.094900 ms MarkObjects: 3.205800 ms  DeleteObjects: 0.093400 ms)

========================================================================
Received Import Request.
  Time since last request: 202.193906 seconds.
  path: Assets/Scripts/EmployeeFactory/EmployeeModel/la_base_de_personaje_MESH.prefab
  artifactKey: Guid(cf10571126e18f041afa819e51c6019f) Importer(815301076,1909f56bfc062723c751e8b465ee728b)
Start importing Assets/Scripts/EmployeeFactory/EmployeeModel/la_base_de_personaje_MESH.prefab using Guid(cf10571126e18f041afa819e51c6019f) Importer(815301076,1909f56bfc062723c751e8b465ee728b)  -> (artifact id: '27d207663d1dd4bd254cacb7463ceb45') in 0.116062 seconds
  Import took 0.119187 seconds .

========================================================================
Received Import Request.
  Time since last request: 1.264516 seconds.
  path: Assets/Scripts/EmployeeFactory/EmployeeModel/la_base_de_personaje_MESH.prefab
  artifactKey: Guid(cf10571126e18f041afa819e51c6019f) Importer(815301076,1909f56bfc062723c751e8b465ee728b)
Start importing Assets/Scripts/EmployeeFactory/EmployeeModel/la_base_de_personaje_MESH.prefab using Guid(cf10571126e18f041afa819e51c6019f) Importer(815301076,1909f56bfc062723c751e8b465ee728b)  -> (artifact id: '4b2867cd90d7542ffc64d2aa9408e5f9') in 0.016794 seconds
  Import took 0.020524 seconds .

========================================================================
Received Import Request.
  Time since last request: 0.179531 seconds.
  path: Assets/Scripts/EmployeeFactory/EmployeeModel/la_base_de_personaje_MESH.prefab
  artifactKey: Guid(cf10571126e18f041afa819e51c6019f) Importer(815301076,1909f56bfc062723c751e8b465ee728b)
Start importing Assets/Scripts/EmployeeFactory/EmployeeModel/la_base_de_personaje_MESH.prefab using Guid(cf10571126e18f041afa819e51c6019f) Importer(815301076,1909f56bfc062723c751e8b465ee728b)  -> (artifact id: '9f454edffc98604d1e859ad413e4b360') in 0.016692 seconds
  Import took 0.022172 seconds .

========================================================================
Received Import Request.
  Time since last request: 2.758359 seconds.
  path: Assets/Scripts/EmployeeFactory/EmployeeModel/la_base_de_personaje_MESH.prefab
  artifactKey: Guid(cf10571126e18f041afa819e51c6019f) Importer(815301076,1909f56bfc062723c751e8b465ee728b)
Start importing Assets/Scripts/EmployeeFactory/EmployeeModel/la_base_de_personaje_MESH.prefab using Guid(cf10571126e18f041afa819e51c6019f) Importer(815301076,1909f56bfc062723c751e8b465ee728b)  -> (artifact id: '4c2f51658e9046daa1117701f3020948') in 0.016159 seconds
  Import took 0.020244 seconds .

========================================================================
Received Prepare
Registering precompiled user dll's ...
Registered in 0.003619 seconds.
Begin MonoManager ReloadAssembly
Native extension for WindowsStandalone target not found
Native extension for WebGL target not found
Refreshing native plugins compatible for Editor in 0.59 ms, found 2 plugins.
Preloading 0 native plugins for Editor in 0.00 ms.
Mono: successfully reloaded assembly
- Completed reload, in  1.527 seconds
Platform modules already initialized, skipping
Refreshing native plugins compatible for Editor in 0.34 ms, found 2 plugins.
Preloading 0 native plugins for Editor in 0.00 ms.
Unloading 1397 Unused Serialized files (Serialized files now loaded: 0)
System memory in use before: 69.2 MB.
System memory in use after: 69.2 MB.

Unloading 15 unused Assets to reduce memory usage. Loaded Objects now: 1896.
Total: 2.669400 ms (FindLiveObjects: 0.200000 ms CreateObjectMapping: 0.045800 ms MarkObjects: 2.334600 ms  DeleteObjects: 0.087200 ms)

========================================================================
Received Prepare
Registering precompiled user dll's ...
Registered in 0.004704 seconds.
Begin MonoManager ReloadAssembly
Native extension for WindowsStandalone target not found
Native extension for WebGL target not found
Refreshing native plugins compatible for Editor in 0.36 ms, found 2 plugins.
Preloading 0 native plugins for Editor in 0.00 ms.
Invalid AssetDatabase path: /Editor/EditorResources/cm_logo_sm.png. Use path relative to the project folder.
UnityEngine.StackTraceUtility:ExtractStackTrace ()
UnityEditor.AssetDatabase:LoadAssetAtPath<UnityEngine.Texture2D> (string)
Cinemachine.Editor.CinemachineSettings:get_CinemachineLogoTexture () (at Library/PackageCache/com.unity.cinemachine@2.6.5/Editor/Windows/CinemachineSettings.cs:205)
Cinemachine.Editor.CinemachineSettings:.cctor () (at Library/PackageCache/com.unity.cinemachine@2.6.5/Editor/Windows/CinemachineSettings.cs:237)
Cinemachine.CinemachineColliderPrefs:.cctor () (at Library/PackageCache/com.unity.cinemachine@2.6.5/Editor/Windows/CinemachineColliderPrefs.cs:61)
System.Runtime.CompilerServices.RuntimeHelpers:RunClassConstructor (System.RuntimeTypeHandle)
UnityEditor.EditorAssemblies:ProcessInitializeOnLoadAttributes (System.Type[])

[Library/PackageCache/com.unity.cinemachine@2.6.5/Editor/Windows/CinemachineSettings.cs line 205]

Mono: successfully reloaded assembly
- Completed reload, in  1.478 seconds
Platform modules already initialized, skipping
Refreshing native plugins compatible for Editor in 0.54 ms, found 2 plugins.
Preloading 0 native plugins for Editor in 0.00 ms.
Unloading 1543 Unused Serialized files (Serialized files now loaded: 0)
System memory in use before: 74.1 MB.
System memory in use after: 74.1 MB.

Unloading 15 unused Assets to reduce memory usage. Loaded Objects now: 2044.
Total: 4.200100 ms (FindLiveObjects: 0.273200 ms CreateObjectMapping: 0.061700 ms MarkObjects: 3.762000 ms  DeleteObjects: 0.101100 ms)

========================================================================
Received Prepare
Registering precompiled user dll's ...
Registered in 0.003498 seconds.
Begin MonoManager ReloadAssembly
Native extension for WindowsStandalone target not found
Native extension for WebGL target not found
Refreshing native plugins compatible for Editor in 0.43 ms, found 2 plugins.
Preloading 0 native plugins for Editor in 0.00 ms.
Mono: successfully reloaded assembly
- Completed reload, in  1.572 seconds
Platform modules already initialized, skipping
Refreshing native plugins compatible for Editor in 0.40 ms, found 2 plugins.
Preloading 0 native plugins for Editor in 0.00 ms.
Unloading 1544 Unused Serialized files (Serialized files now loaded: 0)
System memory in use before: 74.2 MB.
System memory in use after: 74.3 MB.

Unloading 16 unused Assets to reduce memory usage. Loaded Objects now: 2048.
Total: 2.614400 ms (FindLiveObjects: 0.237600 ms CreateObjectMapping: 0.051000 ms MarkObjects: 2.225800 ms  DeleteObjects: 0.098200 ms)

========================================================================
Received Import Request.
  Time since last request: 676.563531 seconds.
  path: Assets/Prefabs
  artifactKey: Guid(0a2259a22b9fc594fa41135b07835cac) Importer(815301076,1909f56bfc062723c751e8b465ee728b)
Start importing Assets/Prefabs using Guid(0a2259a22b9fc594fa41135b07835cac) Importer(815301076,1909f56bfc062723c751e8b465ee728b)  -> (artifact id: '8a6cdb490124dfb9c573a1237bb1d5b7') in 0.006592 seconds
  Import took 0.009981 seconds .

========================================================================
Received Import Request.
  Time since last request: 4.706719 seconds.
  path: Assets/Prefabs/Installer.prefab
  artifactKey: Guid(5b9d27386ee4b524188af64943bd4051) Importer(815301076,1909f56bfc062723c751e8b465ee728b)
Start importing Assets/Prefabs/Installer.prefab using Guid(5b9d27386ee4b524188af64943bd4051) Importer(815301076,1909f56bfc062723c751e8b465ee728b)  -> (artifact id: '260e1d3e1bece05c9902a99236cb7428') in 1.094609 seconds
  Import took 1.097976 seconds .

========================================================================
Received Prepare
Registering precompiled user dll's ...
Registered in 0.008360 seconds.
Begin MonoManager ReloadAssembly
Native extension for WindowsStandalone target not found
Native extension for WebGL target not found
Refreshing native plugins compatible for Editor in 0.65 ms, found 2 plugins.
Preloading 0 native plugins for Editor in 0.00 ms.
Mono: successfully reloaded assembly
- Completed reload, in  1.803 seconds
Platform modules already initialized, skipping
Refreshing native plugins compatible for Editor in 0.50 ms, found 2 plugins.
Preloading 0 native plugins for Editor in 0.00 ms.
Unloading 1543 Unused Serialized files (Serialized files now loaded: 0)
System memory in use before: 74.3 MB.
System memory in use after: 74.3 MB.

Unloading 16 unused Assets to reduce memory usage. Loaded Objects now: 2053.
Total: 3.711000 ms (FindLiveObjects: 0.339700 ms CreateObjectMapping: 0.107300 ms MarkObjects: 3.149700 ms  DeleteObjects: 0.112100 ms)

========================================================================
Received Prepare
Registering precompiled user dll's ...
Registered in 0.007812 seconds.
Begin MonoManager ReloadAssembly
Native extension for WindowsStandalone target not found
Native extension for WebGL target not found
Refreshing native plugins compatible for Editor in 0.55 ms, found 2 plugins.
Preloading 0 native plugins for Editor in 0.00 ms.
Mono: successfully reloaded assembly
- Completed reload, in  1.806 seconds
Platform modules already initialized, skipping
Refreshing native plugins compatible for Editor in 0.55 ms, found 2 plugins.
Preloading 0 native plugins for Editor in 0.00 ms.
Unloading 1543 Unused Serialized files (Serialized files now loaded: 0)
System memory in use before: 74.3 MB.
System memory in use after: 74.3 MB.

Unloading 16 unused Assets to reduce memory usage. Loaded Objects now: 2056.
Total: 5.011300 ms (FindLiveObjects: 0.307900 ms CreateObjectMapping: 0.149600 ms MarkObjects: 4.415700 ms  DeleteObjects: 0.135500 ms)

========================================================================
Received Prepare
Registering precompiled user dll's ...
Registered in 0.004644 seconds.
Begin MonoManager ReloadAssembly
Native extension for WindowsStandalone target not found
Native extension for WebGL target not found
Refreshing native plugins compatible for Editor in 0.44 ms, found 2 plugins.
Preloading 0 native plugins for Editor in 0.00 ms.
Mono: successfully reloaded assembly
- Completed reload, in  1.680 seconds
Platform modules already initialized, skipping
Refreshing native plugins compatible for Editor in 0.55 ms, found 2 plugins.
Preloading 0 native plugins for Editor in 0.00 ms.
Unloading 1543 Unused Serialized files (Serialized files now loaded: 0)
System memory in use before: 74.3 MB.
System memory in use after: 74.3 MB.

Unloading 16 unused Assets to reduce memory usage. Loaded Objects now: 2059.
Total: 2.843200 ms (FindLiveObjects: 0.359200 ms CreateObjectMapping: 0.117300 ms MarkObjects: 2.268200 ms  DeleteObjects: 0.096800 ms)

========================================================================
Received Prepare
Registering precompiled user dll's ...
Registered in 0.003360 seconds.
Begin MonoManager ReloadAssembly
Native extension for WindowsStandalone target not found
Native extension for WebGL target not found
Refreshing native plugins compatible for Editor in 0.52 ms, found 2 plugins.
Preloading 0 native plugins for Editor in 0.00 ms.
Mono: successfully reloaded assembly
- Completed reload, in  1.630 seconds
Platform modules already initialized, skipping
Refreshing native plugins compatible for Editor in 0.37 ms, found 2 plugins.
Preloading 0 native plugins for Editor in 0.00 ms.
Unloading 1543 Unused Serialized files (Serialized files now loaded: 0)
System memory in use before: 74.3 MB.
System memory in use after: 74.3 MB.

Unloading 16 unused Assets to reduce memory usage. Loaded Objects now: 2062.
Total: 2.345200 ms (FindLiveObjects: 0.240600 ms CreateObjectMapping: 0.050900 ms MarkObjects: 1.962600 ms  DeleteObjects: 0.089300 ms)

========================================================================
Received Prepare
Registering precompiled user dll's ...
Registered in 0.006260 seconds.
Begin MonoManager ReloadAssembly
Native extension for WindowsStandalone target not found
Native extension for WebGL target not found
Refreshing native plugins compatible for Editor in 0.56 ms, found 2 plugins.
Preloading 0 native plugins for Editor in 0.00 ms.
Mono: successfully reloaded assembly
- Completed reload, in  1.658 seconds
Platform modules already initialized, skipping
Refreshing native plugins compatible for Editor in 0.41 ms, found 2 plugins.
Preloading 0 native plugins for Editor in 0.00 ms.
Unloading 1543 Unused Serialized files (Serialized files now loaded: 0)
System memory in use before: 74.3 MB.
System memory in use after: 74.3 MB.

Unloading 16 unused Assets to reduce memory usage. Loaded Objects now: 2065.
Total: 2.512600 ms (FindLiveObjects: 0.206000 ms CreateObjectMapping: 0.041900 ms MarkObjects: 2.168100 ms  DeleteObjects: 0.094700 ms)

========================================================================
Received Prepare
Registering precompiled user dll's ...
Registered in 0.004283 seconds.
Begin MonoManager ReloadAssembly
Native extension for WindowsStandalone target not found
Native extension for WebGL target not found
Refreshing native plugins compatible for Editor in 0.46 ms, found 2 plugins.
Preloading 0 native plugins for Editor in 0.00 ms.
Mono: successfully reloaded assembly
- Completed reload, in  1.485 seconds
Platform modules already initialized, skipping
Refreshing native plugins compatible for Editor in 0.38 ms, found 2 plugins.
Preloading 0 native plugins for Editor in 0.00 ms.
Unloading 1543 Unused Serialized files (Serialized files now loaded: 0)
System memory in use before: 74.3 MB.
System memory in use after: 74.3 MB.

Unloading 16 unused Assets to reduce memory usage. Loaded Objects now: 2068.
Total: 3.086100 ms (FindLiveObjects: 0.228200 ms CreateObjectMapping: 0.051700 ms MarkObjects: 2.698100 ms  DeleteObjects: 0.106200 ms)

========================================================================
Received Prepare
Registering precompiled user dll's ...
Registered in 0.003376 seconds.
Begin MonoManager ReloadAssembly
Native extension for WindowsStandalone target not found
Native extension for WebGL target not found
Refreshing native plugins compatible for Editor in 0.43 ms, found 2 plugins.
Preloading 0 native plugins for Editor in 0.00 ms.
Mono: successfully reloaded assembly
- Completed reload, in  1.471 seconds
Platform modules already initialized, skipping
Refreshing native plugins compatible for Editor in 0.38 ms, found 2 plugins.
Preloading 0 native plugins for Editor in 0.00 ms.
Unloading 1543 Unused Serialized files (Serialized files now loaded: 0)
System memory in use before: 74.3 MB.
System memory in use after: 74.3 MB.

Unloading 16 unused Assets to reduce memory usage. Loaded Objects now: 2071.
Total: 2.808600 ms (FindLiveObjects: 0.213100 ms CreateObjectMapping: 0.046200 ms MarkObjects: 2.441300 ms  DeleteObjects: 0.106300 ms)

